# JRE version: OpenJDK Runtime Environment (8.0_242-b01) (build 1.8.0_242-release-1644-b01)
# Java VM: OpenJDK 64-Bit Server VM (25.242-b01 mixed mode windows-amd64 compressed oops)
Heap:
 PSYoungGen      total 76288K, used 41540K [0x00000000e0000000, 0x00000000e5600000, 0x0000000100000000)
  eden space 65536K, 48% used [0x00000000e0000000,0x00000000e1f4fe80,0x00000000e4000000)
  from space 10752K, 88% used [0x00000000e4000000,0x00000000e4941530,0x00000000e4a80000)
  to   space 9728K, 0% used [0x00000000e4a80000,0x00000000e4a80000,0x00000000e5400000)
 ParOldGen       total 49152K, used 7729K [0x00000000a0000000, 0x00000000a3000000, 0x00000000e0000000)
  object space 49152K, 15% used [0x00000000a0000000,0x00000000a078c4e8,0x00000000a3000000)
 Metaspace       used 34260K, capacity 35354K, committed 35456K, reserved 1079296K
  class space    used 4696K, capacity 4932K, committed 4992K, reserved 1048576K
GC Heap History (10 events):
Event: 8.164 GC heap before
{Heap before GC invocations=6 (full 0):
 PSYoungGen      total 38400K, used 38384K [0x00000000e0000000, 0x00000000e5400000, 0x0000000100000000)
  eden space 33280K, 100% used [0x00000000e0000000,0x00000000e2080000,0x00000000e2080000)
  from space 5120K, 99% used [0x00000000e2080000,0x00000000e257c010,0x00000000e2580000)
  to   space 9728K, 0% used [0x00000000e4a80000,0x00000000e4a80000,0x00000000e5400000)
 ParOldGen       total 87552K, used 6662K [0x00000000a0000000, 0x00000000a5580000, 0x00000000e0000000)
  object space 87552K, 7% used [0x00000000a0000000,0x00000000a0681978,0x00000000a5580000)
 Metaspace       used 19679K, capacity 20460K, committed 20736K, reserved 1067008K
  class space    used 2803K, capacity 2980K, committed 3072K, reserved 1048576K
Event: 8.170 GC heap after
Heap after GC invocations=6 (full 0):
 PSYoungGen      total 75264K, used 8877K [0x00000000e0000000, 0x00000000e5600000, 0x0000000100000000)
  eden space 65536K, 0% used [0x00000000e0000000,0x00000000e0000000,0x00000000e4000000)
  from space 9728K, 91% used [0x00000000e4a80000,0x00000000e532b710,0x00000000e5400000)
  to   space 10752K, 0% used [0x00000000e4000000,0x00000000e4000000,0x00000000e4a80000)
 ParOldGen       total 87552K, used 6670K [0x00000000a0000000, 0x00000000a5580000, 0x00000000e0000000)
  object space 87552K, 7% used [0x00000000a0000000,0x00000000a0683978,0x00000000a5580000)
 Metaspace       used 19679K, capacity 20460K, committed 20736K, reserved 1067008K
  class space    used 2803K, capacity 2980K, committed 3072K, reserved 1048576K
}
Event: 8.256 GC heap before
{Heap before GC invocations=7 (full 0):
 PSYoungGen      total 75264K, used 23469K [0x00000000e0000000, 0x00000000e5600000, 0x0000000100000000)
  eden space 65536K, 22% used [0x00000000e0000000,0x00000000e0e3ff60,0x00000000e4000000)
  from space 9728K, 91% used [0x00000000e4a80000,0x00000000e532b710,0x00000000e5400000)
  to   space 10752K, 0% used [0x00000000e4000000,0x00000000e4000000,0x00000000e4a80000)
 ParOldGen       total 87552K, used 6670K [0x00000000a0000000, 0x00000000a5580000, 0x00000000e0000000)
  object space 87552K, 7% used [0x00000000a0000000,0x00000000a0683978,0x00000000a5580000)
 Metaspace       used 20495K, capacity 21178K, committed 21296K, reserved 1067008K
  class space    used 2937K, capacity 3111K, committed 3200K, reserved 1048576K
Event: 8.261 GC heap after
Heap after GC invocations=7 (full 0):
 PSYoungGen      total 76288K, used 4936K [0x00000000e0000000, 0x00000000e5600000, 0x0000000100000000)
  eden space 65536K, 0% used [0x00000000e0000000,0x00000000e0000000,0x00000000e4000000)
  from space 10752K, 45% used [0x00000000e4000000,0x00000000e44d2128,0x00000000e4a80000)
  to   space 9728K, 0% used [0x00000000e4a80000,0x00000000e4a80000,0x00000000e5400000)
 ParOldGen       total 87552K, used 9182K [0x00000000a0000000, 0x00000000a5580000, 0x00000000e0000000)
  object space 87552K, 10% used [0x00000000a0000000,0x00000000a08f79e8,0x00000000a5580000)
 Metaspace       used 20495K, capacity 21178K, committed 21296K, reserved 1067008K
  class space    used 2937K, capacity 3111K, committed 3200K, reserved 1048576K
}
Event: 8.261 GC heap before
{Heap before GC invocations=8 (full 1):
 PSYoungGen      total 76288K, used 4936K [0x00000000e0000000, 0x00000000e5600000, 0x0000000100000000)
  eden space 65536K, 0% used [0x00000000e0000000,0x00000000e0000000,0x00000000e4000000)
  from space 10752K, 45% used [0x00000000e4000000,0x00000000e44d2128,0x00000000e4a80000)
  to   space 9728K, 0% used [0x00000000e4a80000,0x00000000e4a80000,0x00000000e5400000)
 ParOldGen       total 87552K, used 9182K [0x00000000a0000000, 0x00000000a5580000, 0x00000000e0000000)
  object space 87552K, 10% used [0x00000000a0000000,0x00000000a08f79e8,0x00000000a5580000)
 Metaspace       used 20495K, capacity 21178K, committed 21296K, reserved 1067008K
  class space    used 2937K, capacity 3111K, committed 3200K, reserved 1048576K
Event: 8.287 GC heap after
Heap after GC invocations=8 (full 1):
 PSYoungGen      total 76288K, used 0K [0x00000000e0000000, 0x00000000e5600000, 0x0000000100000000)
  eden space 65536K, 0% used [0x00000000e0000000,0x00000000e0000000,0x00000000e4000000)
  from space 10752K, 0% used [0x00000000e4000000,0x00000000e4000000,0x00000000e4a80000)
  to   space 9728K, 0% used [0x00000000e4a80000,0x00000000e4a80000,0x00000000e5400000)
 ParOldGen       total 49152K, used 7713K [0x00000000a0000000, 0x00000000a3000000, 0x00000000e0000000)
  object space 49152K, 15% used [0x00000000a0000000,0x00000000a07884e8,0x00000000a3000000)
 Metaspace       used 20495K, capacity 21178K, committed 21296K, reserved 1067008K
  class space    used 2937K, capacity 3111K, committed 3200K, reserved 1048576K
}
Event: 8.850 GC heap before
{Heap before GC invocations=9 (full 1):
 PSYoungGen      total 76288K, used 65536K [0x00000000e0000000, 0x00000000e5600000, 0x0000000100000000)
  eden space 65536K, 100% used [0x00000000e0000000,0x00000000e4000000,0x00000000e4000000)
  from space 10752K, 0% used [0x00000000e4000000,0x00000000e4000000,0x00000000e4a80000)
  to   space 9728K, 0% used [0x00000000e4a80000,0x00000000e4a80000,0x00000000e5400000)
 ParOldGen       total 49152K, used 7713K [0x00000000a0000000, 0x00000000a3000000, 0x00000000e0000000)
  object space 49152K, 15% used [0x00000000a0000000,0x00000000a07884e8,0x00000000a3000000)
 Metaspace       used 28417K, capacity 29322K, committed 29440K, reserved 1075200K
  class space    used 4001K, capacity 4256K, committed 4352K, reserved 1048576K
Event: 8.856 GC heap after
Heap after GC invocations=9 (full 1):
 PSYoungGen      total 75264K, used 8204K [0x00000000e0000000, 0x00000000e5600000, 0x0000000100000000)
  eden space 65536K, 0% used [0x00000000e0000000,0x00000000e0000000,0x00000000e4000000)
  from space 9728K, 84% used [0x00000000e4a80000,0x00000000e5283048,0x00000000e5400000)
  to   space 10752K, 0% used [0x00000000e4000000,0x00000000e4000000,0x00000000e4a80000)
 ParOldGen       total 49152K, used 7721K [0x00000000a0000000, 0x00000000a3000000, 0x00000000e0000000)
  object space 49152K, 15% used [0x00000000a0000000,0x00000000a078a4e8,0x00000000a3000000)
 Metaspace       used 28417K, capacity 29322K, committed 29440K, reserved 1075200K
  class space    used 4001K, capacity 4256K, committed 4352K, reserved 1048576K
}
Event: 9.401 GC heap before
{Heap before GC invocations=10 (full 1):
 PSYoungGen      total 75264K, used 73740K [0x00000000e0000000, 0x00000000e5600000, 0x0000000100000000)
  eden space 65536K, 100% used [0x00000000e0000000,0x00000000e4000000,0x00000000e4000000)
  from space 9728K, 84% used [0x00000000e4a80000,0x00000000e5283048,0x00000000e5400000)
  to   space 10752K, 0% used [0x00000000e4000000,0x00000000e4000000,0x00000000e4a80000)
 ParOldGen       total 49152K, used 7721K [0x00000000a0000000, 0x00000000a3000000, 0x00000000e0000000)
  object space 49152K, 15% used [0x00000000a0000000,0x00000000a078a4e8,0x00000000a3000000)
 Metaspace       used 33089K, capacity 34092K, committed 34304K, reserved 1079296K
  class space    used 4513K, capacity 4753K, committed 4864K, reserved 1048576K
Event: 9.410 GC heap after
Heap after GC invocations=10 (full 1):
 PSYoungGen      total 76288K, used 9477K [0x00000000e0000000, 0x00000000e5600000, 0x0000000100000000)
  eden space 65536K, 0% used [0x00000000e0000000,0x00000000e0000000,0x00000000e4000000)
  from space 10752K, 88% used [0x00000000e4000000,0x00000000e4941530,0x00000000e4a80000)
  to   space 9728K, 0% used [0x00000000e4a80000,0x00000000e4a80000,0x00000000e5400000)
 ParOldGen       total 49152K, used 7729K [0x00000000a0000000, 0x00000000a3000000, 0x00000000e0000000)
  object space 49152K, 15% used [0x00000000a0000000,0x00000000a078c4e8,0x00000000a3000000)
 Metaspace       used 33089K, capacity 34092K, committed 34304K, reserved 1079296K
  class space    used 4513K, capacity 4753K, committed 4864K, reserved 1048576K
}

